Starting >>> abb_rws_client
Consolidate compiler generated dependencies of target rws_client_lib
[ 16%] Building CXX object CMakeFiles/rws_client_lib.dir/src/rws_service_provider_ros.cpp.o
[ 33%] Linking CXX static library librws_client_lib.a
[Processing: abb_rws_client]
[ 66%] Built target rws_client_lib
[ 83%] Linking CXX executable rws_client
[100%] Built target rws_client
-- Install configuration: "RelWithDebInfo"
-- Execute custom install script
-- Up-to-date symlink: /home/i/ros2_ws/install/abb_rws_client/lib/abb_rws_client/rws_client
-- Up-to-date symlink: /home/i/ros2_ws/install/abb_rws_client/lib/librws_client_lib.a
-- Up-to-date symlink: /home/i/ros2_ws/install/abb_rws_client/share/ament_index/resource_index/package_run_dependencies/abb_rws_client
-- Up-to-date symlink: /home/i/ros2_ws/install/abb_rws_client/share/ament_index/resource_index/parent_prefix_path/abb_rws_client
-- Up-to-date symlink: /home/i/ros2_ws/install/abb_rws_client/share/abb_rws_client/environment/ament_prefix_path.sh
-- Up-to-date symlink: /home/i/ros2_ws/install/abb_rws_client/share/abb_rws_client/environment/ament_prefix_path.dsv
-- Up-to-date symlink: /home/i/ros2_ws/install/abb_rws_client/share/abb_rws_client/environment/path.sh
-- Up-to-date symlink: /home/i/ros2_ws/install/abb_rws_client/share/abb_rws_client/environment/path.dsv
-- Up-to-date symlink: /home/i/ros2_ws/install/abb_rws_client/share/abb_rws_client/local_setup.bash
-- Up-to-date symlink: /home/i/ros2_ws/install/abb_rws_client/share/abb_rws_client/local_setup.sh
-- Up-to-date symlink: /home/i/ros2_ws/install/abb_rws_client/share/abb_rws_client/local_setup.zsh
-- Up-to-date symlink: /home/i/ros2_ws/install/abb_rws_client/share/abb_rws_client/local_setup.dsv
-- Symlinking: /home/i/ros2_ws/install/abb_rws_client/share/abb_rws_client/package.dsv
-- Up-to-date symlink: /home/i/ros2_ws/install/abb_rws_client/share/ament_index/resource_index/packages/abb_rws_client
-- Up-to-date symlink: /home/i/ros2_ws/install/abb_rws_client/share/abb_rws_client/cmake/ament_cmake_export_include_directories-extras.cmake
-- Up-to-date symlink: /home/i/ros2_ws/install/abb_rws_client/share/abb_rws_client/cmake/ament_cmake_export_dependencies-extras.cmake
-- Up-to-date symlink: /home/i/ros2_ws/install/abb_rws_client/share/abb_rws_client/cmake/abb_rws_clientConfig.cmake
-- Up-to-date symlink: /home/i/ros2_ws/install/abb_rws_client/share/abb_rws_client/cmake/abb_rws_clientConfig-version.cmake
-- Up-to-date symlink: /home/i/ros2_ws/install/abb_rws_client/share/abb_rws_client/package.xml
Finished <<< abb_rws_client [52.7s]

Summary: 1 package finished [53.4s]
